FoodOrderingApp/app/build/intermediates/manifest_merge_blame_file/debug/manifest-merger-blame-debug-report.txt
1<?xml version="1.0" encoding="utf-8"?>
2<manifest xmlns:android="http://schemas.android.com/apk/res/android"
3    package="com.example.foodorderingapp"
4    android:versionCode="1"
5    android:versionName="1.0" >
6
7    <uses-sdk
8        android:minSdkVersion="26"
8-->src\main\AndroidManifest.xml
9        android:targetSdkVersion="33" />
9-->src\main\AndroidManifest.xml
10
11    <uses-permission android:name="android.permission.INTERNET" />
11-->src\main\AndroidManifest.xml:6:5-67
11-->src\main\AndroidManifest.xml:6:22-64
12    <uses-permission android:name="android.permission.ACCESS_NETWORK_STATE" />
12-->src\main\AndroidManifest.xml:7:5-79
12-->src\main\AndroidManifest.xml:7:22-76
13    <uses-permission android:name="android.permission.WAKE_LOCK" />
13-->[com.google.android.gms:play-services-measurement-api:21.2.2] AndroidManifest.xml:24:5-68
13-->[com.google.android.gms:play-services-measurement-api:21.2.2] AndroidManifest.xml:24:22-65
14    <uses-permission android:name="com.google.android.gms.permission.AD_ID" />
14-->[com.google.android.gms:play-services-measurement-api:21.2.2] AndroidManifest.xml:25:5-79
14-->[com.google.android.gms:play-services-measurement-api:21.2.2] AndroidManifest.xml:25:22-76
15    <uses-permission android:name="com.google.android.finsky.permission.BIND_GET_INSTALL_REFERRER_SERVICE" />
15-->[com.google.android.gms:play-services-measurement:21.2.2] AndroidManifest.xml:26:5-110
15-->[com.google.android.gms:play-services-measurement:21.2.2] AndroidManifest.xml:26:22-107
16
17    <permission
17-->[androidx.core:core:1.9.0] AndroidManifest.xml:22:5-24:47
18        android:name="com.example.foodorderingapp.DYNAMIC_RECEIVER_NOT_EXPORTED_PERMISSION"
18-->[androidx.core:core:1.9.0] AndroidManifest.xml:23:9-81
19        android:protectionLevel="signature" />
19-->[androidx.core:core:1.9.0] AndroidManifest.xml:24:9-44
20
21    <uses-permission android:name="com.example.foodorderingapp.DYNAMIC_RECEIVER_NOT_EXPORTED_PERMISSION" />
21-->[androidx.core:core:1.9.0] AndroidManifest.xml:26:5-97
21-->[androidx.core:core:1.9.0] AndroidManifest.xml:26:22-94
22
23    <application
23-->src\main\AndroidManifest.xml:9:5-77:19
24        android:allowBackup="true"
24-->src\main\AndroidManifest.xml:10:9-35
25        android:appComponentFactory="androidx.core.app.CoreComponentFactory"
25-->[androidx.core:core:1.9.0] AndroidManifest.xml:28:18-86
26        android:dataExtractionRules="@xml/data_extraction_rules"
26-->src\main\AndroidManifest.xml:11:9-65
27        android:debuggable="true"
28        android:extractNativeLibs="false"
29        android:fullBackupContent="@xml/backup_rules"
29-->src\main\AndroidManifest.xml:12:9-54
30        android:icon="@mipmap/ic_launcher"
30-->src\main\AndroidManifest.xml:13:9-43
31        android:label="@string/app_name"
31-->src\main\AndroidManifest.xml:14:9-41
32        android:supportsRtl="true"
32-->src\main\AndroidManifest.xml:15:9-35
33        android:testOnly="true"
34        android:theme="@style/Theme.FoodOrderingApp" >
34-->src\main\AndroidManifest.xml:16:9-53
35        <activity android:name="com.example.foodorderingapp.listViewFoodActivity" />
35-->src\main\AndroidManifest.xml:18:9-85
35-->src\main\AndroidManifest.xml:18:19-82
36
37        <receiver
37-->src\main\AndroidManifest.xml:19:9-25:20
38            android:name="com.example.foodorderingapp.ConnectionReceiver"
38-->src\main\AndroidManifest.xml:20:13-47
39            android:exported="true" >
39-->src\main\AndroidManifest.xml:21:13-36
40            <intent-filter>
40-->src\main\AndroidManifest.xml:22:13-24:29
41                <action android:name="android.net.conn.CONNECTIVITY_CHANGE" />
41-->src\main\AndroidManifest.xml:23:17-79
41-->src\main\AndroidManifest.xml:23:25-76
42            </intent-filter>
43        </receiver>
44
45        <activity
45-->src\main\AndroidManifest.xml:27:9-30:40
46            android:name="com.example.foodorderingapp.MainActivity"
46-->src\main\AndroidManifest.xml:29:13-41
47            android:exported="false"
47-->src\main\AndroidManifest.xml:30:13-37
48            android:windowSoftInputMode="adjustPan" />
48-->src\main\AndroidManifest.xml:28:13-52
49        <activity
49-->src\main\AndroidManifest.xml:31:9-33:40
50            android:name="com.example.foodorderingapp.CheckOutActivity"
50-->src\main\AndroidManifest.xml:32:13-45
51            android:exported="false" />
51-->src\main\AndroidManifest.xml:33:13-37
52        <activity
52-->src\main\AndroidManifest.xml:34:9-36:40
53            android:name="com.example.foodorderingapp.CartActivity"
53-->src\main\AndroidManifest.xml:35:13-41
54            android:exported="false" />
54-->src\main\AndroidManifest.xml:36:13-37
55        <activity
55-->src\main\AndroidManifest.xml:37:9-39:40
56            android:name="com.example.foodorderingapp.SignUpActivity"
56-->src\main\AndroidManifest.xml:38:13-43
57            android:exported="false" />
57-->src\main\AndroidManifest.xml:39:13-37
58        <activity
58-->src\main\AndroidManifest.xml:40:9-43:40
59            android:name="com.example.foodorderingapp.SignInActivity"
59-->src\main\AndroidManifest.xml:42:13-43
60            android:exported="false"
60-->src\main\AndroidManifest.xml:43:13-37
61            android:windowSoftInputMode="adjustPan" />
61-->src\main\AndroidManifest.xml:41:13-52
62        <activity
62-->src\main\AndroidManifest.xml:44:9-46:40
63            android:name="com.example.foodorderingapp.Forgot_PasswordActivity"
63-->src\main\AndroidManifest.xml:45:13-52
64            android:exported="false" />
64-->src\main\AndroidManifest.xml:46:13-37
65        <activity
65-->src\main\AndroidManifest.xml:47:9-49:40
66            android:name="com.example.foodorderingapp.Change_PasswordActivity"
66-->src\main\AndroidManifest.xml:48:13-52
67            android:exported="false" />
67-->src\main\AndroidManifest.xml:49:13-37
68        <activity
68-->src\main\AndroidManifest.xml:50:9-52:40
69            android:name="com.example.foodorderingapp.MyProfileActivity"
69-->src\main\AndroidManifest.xml:51:13-46
70            android:exported="false" />
70-->src\main\AndroidManifest.xml:52:13-37
71        <activity
71-->src\main\AndroidManifest.xml:53:9-55:40
72            android:name="com.example.foodorderingapp.OrderCompleteActivity"
72-->src\main\AndroidManifest.xml:54:13-50
73            android:exported="false" />
73-->src\main\AndroidManifest.xml:55:13-37
74        <activity
74-->src\main\AndroidManifest.xml:56:9-58:40
75            android:name="com.example.foodorderingapp.EditProfileActivity"
75-->src\main\AndroidManifest.xml:57:13-48
76            android:exported="false" />
76-->src\main\AndroidManifest.xml:58:13-37
77        <activity
77-->src\main\AndroidManifest.xml:59:9-61:40
78            android:name="com.example.foodorderingapp.Onboarding03Activity"
78-->src\main\AndroidManifest.xml:60:13-49
79            android:exported="false" />
79-->src\main\AndroidManifest.xml:61:13-37
80        <activity
80-->src\main\AndroidManifest.xml:62:9-64:40
81            android:name="com.example.foodorderingapp.Onboarding02Activity"
81-->src\main\AndroidManifest.xml:63:13-49
82            android:exported="false" />
82-->src\main\AndroidManifest.xml:64:13-37
83        <activity
83-->src\main\AndroidManifest.xml:65:9-67:40
84            android:name="com.example.foodorderingapp.Onboarding01Activity"
84-->src\main\AndroidManifest.xml:66:13-49
85            android:exported="false" />
85-->src\main\AndroidManifest.xml:67:13-37
86        <activity
86-->src\main\AndroidManifest.xml:68:9-76:20
87            android:name="com.example.foodorderingapp.Onboarding00Activity"
87-->src\main\AndroidManifest.xml:69:13-49
88            android:exported="true" >
88-->src\main\AndroidManifest.xml:70:13-36
89            <intent-filter>
89-->src\main\AndroidManifest.xml:71:13-75:29
90                <action android:name="android.intent.action.MAIN" />
90-->src\main\AndroidManifest.xml:72:17-69
90-->src\main\AndroidManifest.xml:72:25-66
91
92                <category android:name="android.intent.category.LAUNCHER" />
92-->src\main\AndroidManifest.xml:74:17-77
92-->src\main\AndroidManifest.xml:74:27-74
93            </intent-filter>
94        </activity>
95        <activity
95-->[com.google.firebase:firebase-auth:22.0.0] AndroidManifest.xml:29:9-46:20
96            android:name="com.google.firebase.auth.internal.GenericIdpActivity"
96-->[com.google.firebase:firebase-auth:22.0.0] AndroidManifest.xml:30:13-80
97            android:excludeFromRecents="true"
97-->[com.google.firebase:firebase-auth:22.0.0] AndroidManifest.xml:31:13-46
98            android:exported="true"
98-->[com.google.firebase:firebase-auth:22.0.0] AndroidManifest.xml:32:13-36
99            android:launchMode="singleTask"
99-->[com.google.firebase:firebase-auth:22.0.0] AndroidManifest.xml:33:13-44
100            android:theme="@android:style/Theme.Translucent.NoTitleBar" >
100-->[com.google.firebase:firebase-auth:22.0.0] AndroidManifest.xml:34:13-72
101            <intent-filter>
101-->[com.google.firebase:firebase-auth:22.0.0] AndroidManifest.xml:35:13-45:29
102                <action android:name="android.intent.action.VIEW" />
102-->[com.google.firebase:firebase-auth:22.0.0] AndroidManifest.xml:36:17-69
102-->[com.google.firebase:firebase-auth:22.0.0] AndroidManifest.xml:36:25-66
103
104                <category android:name="android.intent.category.DEFAULT" />
104-->[com.google.firebase:firebase-auth:22.0.0] AndroidManifest.xml:38:17-76
104-->[com.google.firebase:firebase-auth:22.0.0] AndroidManifest.xml:38:27-73
105                <category android:name="android.intent.category.BROWSABLE" />
105-->[com.google.firebase:firebase-auth:22.0.0] AndroidManifest.xml:39:17-78
105-->[com.google.firebase:firebase-auth:22.0.0] AndroidManifest.xml:39:27-75
106
107                <data
107-->[com.google.firebase:firebase-auth:22.0.0] AndroidManifest.xml:41:17-44:51
108                    android:host="firebase.auth"
108-->[com.google.firebase:firebase-auth:22.0.0] AndroidManifest.xml:42:21-49
109                    android:path="/"
109-->[com.google.firebase:firebase-auth:22.0.0] AndroidManifest.xml:43:21-37
110                    android:scheme="genericidp" />
110-->[com.google.firebase:firebase-auth:22.0.0] AndroidManifest.xml:44:21-48
111            </intent-filter>
112        </activity>
113        <activity
113-->[com.google.firebase:firebase-auth:22.0.0] AndroidManifest.xml:47:9-64:20
114            android:name="com.google.firebase.auth.internal.RecaptchaActivity"
114-->[com.google.firebase:firebase-auth:22.0.0] AndroidManifest.xml:48:13-79
115            android:excludeFromRecents="true"
115-->[com.google.firebase:firebase-auth:22.0.0] AndroidManifest.xml:49:13-46
116            android:exported="true"
116-->[com.google.firebase:firebase-auth:22.0.0] AndroidManifest.xml:50:13-36
117            android:launchMode="singleTask"
117-->[com.google.firebase:firebase-auth:22.0.0] AndroidManifest.xml:51:13-44
118            android:theme="@android:style/Theme.Translucent.NoTitleBar" >
118-->[com.google.firebase:firebase-auth:22.0.0] AndroidManifest.xml:52:13-72
119            <intent-filter>
119-->[com.google.firebase:firebase-auth:22.0.0] AndroidManifest.xml:53:13-63:29
120                <action android:name="android.intent.action.VIEW" />
120-->[com.google.firebase:firebase-auth:22.0.0] AndroidManifest.xml:36:17-69
120-->[com.google.firebase:firebase-auth:22.0.0] AndroidManifest.xml:36:25-66
121
122                <category android:name="android.intent.category.DEFAULT" />
122-->[com.google.firebase:firebase-auth:22.0.0] AndroidManifest.xml:38:17-76
122-->[com.google.firebase:firebase-auth:22.0.0] AndroidManifest.xml:38:27-73
123                <category android:name="android.intent.category.BROWSABLE" />
123-->[com.google.firebase:firebase-auth:22.0.0] AndroidManifest.xml:39:17-78
123-->[com.google.firebase:firebase-auth:22.0.0] AndroidManifest.xml:39:27-75
124
125                <data
125-->[com.google.firebase:firebase-auth:22.0.0] AndroidManifest.xml:41:17-44:51
126                    android:host="firebase.auth"
126-->[com.google.firebase:firebase-auth:22.0.0] AndroidManifest.xml:42:21-49
127                    android:path="/"
127-->[com.google.firebase:firebase-auth:22.0.0] AndroidManifest.xml:43:21-37
128                    android:scheme="recaptcha" />
128-->[com.google.firebase:firebase-auth:22.0.0] AndroidManifest.xml:44:21-48
129            </intent-filter>
130        </activity>
131
132        <service
132-->[com.google.firebase:firebase-auth:22.0.0] AndroidManifest.xml:66:9-72:19
133            android:name="com.google.firebase.components.ComponentDiscoveryService"
133-->[com.google.firebase:firebase-auth:22.0.0] AndroidManifest.xml:67:13-84
134            android:directBootAware="true"
134-->[com.google.firebase:firebase-common:20.3.2] AndroidManifest.xml:34:13-43
135            android:exported="false" >
135-->[com.google.firebase:firebase-auth:22.0.0] AndroidManifest.xml:68:13-37
136            <meta-data
136-->[com.google.firebase:firebase-auth:22.0.0] AndroidManifest.xml:69:13-71:85
137                android:name="com.google.firebase.components:com.google.firebase.auth.FirebaseAuthRegistrar"
137-->[com.google.firebase:firebase-auth:22.0.0] AndroidManifest.xml:70:17-109
138                android:value="com.google.firebase.components.ComponentRegistrar" />
138-->[com.google.firebase:firebase-auth:22.0.0] AndroidManifest.xml:71:17-82
139            <meta-data
139-->[com.google.firebase:firebase-firestore-ktx:24.6.1] AndroidManifest.xml:14:13-16:85
140                android:name="com.google.firebase.components:com.google.firebase.firestore.ktx.FirebaseFirestoreKtxRegistrar"
140-->[com.google.firebase:firebase-firestore-ktx:24.6.1] AndroidManifest.xml:15:17-126
141                android:value="com.google.firebase.components.ComponentRegistrar" />
141-->[com.google.firebase:firebase-firestore-ktx:24.6.1] AndroidManifest.xml:16:17-82
142            <meta-data
142-->[com.google.firebase:firebase-firestore:24.6.1] AndroidManifest.xml:19:13-21:85
143                android:name="com.google.firebase.components:com.google.firebase.firestore.FirestoreRegistrar"
143-->[com.google.firebase:firebase-firestore:24.6.1] AndroidManifest.xml:20:17-111
144                android:value="com.google.firebase.components.ComponentRegistrar" />
144-->[com.google.firebase:firebase-firestore:24.6.1] AndroidManifest.xml:21:17-82
145            <meta-data
145-->[com.google.firebase:firebase-storage:20.2.0] AndroidManifest.xml:32:13-34:85
146                android:name="com.google.firebase.components:com.google.firebase.storage.StorageRegistrar"
146-->[com.google.firebase:firebase-storage:20.2.0] AndroidManifest.xml:33:17-107
147                android:value="com.google.firebase.components.ComponentRegistrar" />
147-->[com.google.firebase:firebase-storage:20.2.0] AndroidManifest.xml:34:17-82
148            <meta-data
148-->[com.google.firebase:firebase-common-ktx:20.3.2] AndroidManifest.xml:14:13-16:85
149                android:name="com.google.firebase.components:com.google.firebase.ktx.FirebaseCommonKtxRegistrar"
149-->[com.google.firebase:firebase-common-ktx:20.3.2] AndroidManifest.xml:15:17-113
150                android:value="com.google.firebase.components.ComponentRegistrar" />
150-->[com.google.firebase:firebase-common-ktx:20.3.2] AndroidManifest.xml:16:17-82
151            <meta-data
151-->[com.google.android.gms:play-services-measurement-api:21.2.2] AndroidManifest.xml:31:13-33:85
152                android:name="com.google.firebase.components:com.google.firebase.analytics.connector.internal.AnalyticsConnectorRegistrar"
152-->[com.google.android.gms:play-services-measurement-api:21.2.2] AndroidManifest.xml:32:17-139
153                android:value="com.google.firebase.components.ComponentRegistrar" />
153-->[com.google.android.gms:play-services-measurement-api:21.2.2] AndroidManifest.xml:33:17-82
154            <meta-data
154-->[com.google.firebase:firebase-installations:17.1.3] AndroidManifest.xml:17:13-19:85
155                android:name="com.google.firebase.components:com.google.firebase.installations.FirebaseInstallationsRegistrar"
155-->[com.google.firebase:firebase-installations:17.1.3] AndroidManifest.xml:18:17-127
156                android:value="com.google.firebase.components.ComponentRegistrar" />
156-->[com.google.firebase:firebase-installations:17.1.3] AndroidManifest.xml:19:17-82
157        </service>
158
159        <provider
159-->[com.squareup.picasso:picasso:2.8] AndroidManifest.xml:8:9-11:40
160            android:name="com.squareup.picasso.PicassoProvider"
160-->[com.squareup.picasso:picasso:2.8] AndroidManifest.xml:9:13-64
161            android:authorities="com.example.foodorderingapp.com.squareup.picasso"
161-->[com.squareup.picasso:picasso:2.8] AndroidManifest.xml:10:13-72
162            android:exported="false" />
162-->[com.squareup.picasso:picasso:2.8] AndroidManifest.xml:11:13-37
163        <provider
163-->[com.google.firebase:firebase-common:20.3.2] AndroidManifest.xml:25:9-30:39
164            android:name="com.google.firebase.provider.FirebaseInitProvider"
164-->[com.google.firebase:firebase-common:20.3.2] AndroidManifest.xml:26:13-77
165            android:authorities="com.example.foodorderingapp.firebaseinitprovider"
165-->[com.google.firebase:firebase-common:20.3.2] AndroidManifest.xml:27:13-72
166            android:directBootAware="true"
166-->[com.google.firebase:firebase-common:20.3.2] AndroidManifest.xml:28:13-43
167            android:exported="false"
167-->[com.google.firebase:firebase-common:20.3.2] AndroidManifest.xml:29:13-37
168            android:initOrder="100" />
168-->[com.google.firebase:firebase-common:20.3.2] AndroidManifest.xml:30:13-36
169
170        <activity
170-->[com.google.android.gms:play-services-base:18.0.1] AndroidManifest.xml:20:9-22:45
171            android:name="com.google.android.gms.common.api.GoogleApiActivity"
171-->[com.google.android.gms:play-services-base:18.0.1] AndroidManifest.xml:20:19-85
172            android:exported="false"
172-->[com.google.android.gms:play-services-base:18.0.1] AndroidManifest.xml:22:19-43
173            android:theme="@android:style/Theme.Translucent.NoTitleBar" />
173-->[com.google.android.gms:play-services-base:18.0.1] AndroidManifest.xml:21:19-78
174
175        <receiver
175-->[com.google.android.gms:play-services-measurement:21.2.2] AndroidManifest.xml:29:9-33:20
176            android:name="com.google.android.gms.measurement.AppMeasurementReceiver"
176-->[com.google.android.gms:play-services-measurement:21.2.2] AndroidManifest.xml:30:13-85
177            android:enabled="true"
177-->[com.google.android.gms:play-services-measurement:21.2.2] AndroidManifest.xml:31:13-35
178            android:exported="false" >
178-->[com.google.android.gms:play-services-measurement:21.2.2] AndroidManifest.xml:32:13-37
179        </receiver>
180
181        <service
181-->[com.google.android.gms:play-services-measurement:21.2.2] AndroidManifest.xml:35:9-38:40
182            android:name="com.google.android.gms.measurement.AppMeasurementService"
182-->[com.google.android.gms:play-services-measurement:21.2.2] AndroidManifest.xml:36:13-84
183            android:enabled="true"
183-->[com.google.android.gms:play-services-measurement:21.2.2] AndroidManifest.xml:37:13-35
184            android:exported="false" />
184-->[com.google.android.gms:play-services-measurement:21.2.2] AndroidManifest.xml:38:13-37
185        <service
185-->[com.google.android.gms:play-services-measurement:21.2.2] AndroidManifest.xml:39:9-43:72
186            android:name="com.google.android.gms.measurement.AppMeasurementJobService"
186-->[com.google.android.gms:play-services-measurement:21.2.2] AndroidManifest.xml:40:13-87
187            android:enabled="true"
187-->[com.google.android.gms:play-services-measurement:21.2.2] AndroidManifest.xml:41:13-35
188            android:exported="false"
188-->[com.google.android.gms:play-services-measurement:21.2.2] AndroidManifest.xml:42:13-37
189            android:permission="android.permission.BIND_JOB_SERVICE" />
189-->[com.google.android.gms:play-services-measurement:21.2.2] AndroidManifest.xml:43:13-69
190
191        <meta-data
191-->[com.google.android.gms:play-services-basement:18.1.0] AndroidManifest.xml:21:9-23:69
192            android:name="com.google.android.gms.version"
192-->[com.google.android.gms:play-services-basement:18.1.0] AndroidManifest.xml:22:13-58
193            android:value="@integer/google_play_services_version" />
193-->[com.google.android.gms:play-services-basement:18.1.0] AndroidManifest.xml:23:13-66
194
195        <provider
195-->[androidx.emoji2:emoji2:1.2.0] AndroidManifest.xml:24:9-32:20
196            android:name="androidx.startup.InitializationProvider"
196-->[androidx.emoji2:emoji2:1.2.0] AndroidManifest.xml:25:13-67
197            android:authorities="com.example.foodorderingapp.androidx-startup"
197-->[androidx.emoji2:emoji2:1.2.0] AndroidManifest.xml:26:13-68
198            android:exported="false" >
198-->[androidx.emoji2:emoji2:1.2.0] AndroidManifest.xml:27:13-37
199            <meta-data
199-->[androidx.emoji2:emoji2:1.2.0] AndroidManifest.xml:29:13-31:52
200                android:name="androidx.emoji2.text.EmojiCompatInitializer"
200-->[androidx.emoji2:emoji2:1.2.0] AndroidManifest.xml:30:17-75
201                android:value="androidx.startup" />
201-->[androidx.emoji2:emoji2:1.2.0] AndroidManifest.xml:31:17-49
202            <meta-data
202-->[androidx.lifecycle:lifecycle-process:2.4.1] AndroidManifest.xml:31:13-33:52
203                android:name="androidx.lifecycle.ProcessLifecycleInitializer"
203-->[androidx.lifecycle:lifecycle-process:2.4.1] AndroidManifest.xml:32:17-78
204                android:value="androidx.startup" />
204-->[androidx.lifecycle:lifecycle-process:2.4.1] AndroidManifest.xml:33:17-49
205        </provider>
206    </application>
207
208</manifest>